-------------------------------------------------------------------------------
Test set: com.andelazelic.vjezba6_2.Lab6ApplicationTests
-------------------------------------------------------------------------------
Tests run: 1, Failures: 0, Errors: 1, Skipped: 0, Time elapsed: 2.621 s <<< FAILURE! - in com.andelazelic.vjezba6_2.Lab6ApplicationTests
com.andelazelic.vjezba6_2.Lab6ApplicationTests  Time elapsed: 2.618 s  <<< ERROR!
java.lang.IllegalStateException: Unable to find a @SpringBootConfiguration, you need to use @ContextConfiguration or @SpringBootTest(classes=...) with your test

